2024-03-30 00:55:40.723[1711770940723] | INFO  | main       | c.b.c.f.client.utils.RequestHandler  - GET http://kubernetes.docker.internal:52598//dapi/v1/income?symbol=BNBUSDT&timestamp=1711770940628&signature=cc347e257f8f32477d0d3675355a1e6d370c2aa7a8eae06accd34c9062085867
2024-03-30 00:55:41.508[1711770941508] | INFO  | main       | c.b.c.f.client.utils.RequestHandler  - GET http://kubernetes.docker.internal:52600//dapi/v1/income?timestamp=1711770941507&signature=25ca705e3dd583f0760e6f316b56d7cdf081a71db132c02614ed9bcb4c44ea5f
2024-03-30 00:55:41.550[1711770941550] | INFO  | main       | c.b.c.f.client.utils.RequestHandler  - GET http://kubernetes.docker.internal:52602//dapi/v1/historicalTrades?symbol=BNBUSDT&limit=1000&fromId=123
2024-03-30 00:55:41.631[1711770941631] | INFO  | main       | c.b.c.f.client.utils.RequestHandler  - GET http://kubernetes.docker.internal:52606//dapi/v1/historicalTrades?symbol=BNBUSDT
2024-03-30 00:55:41.688[1711770941688] | INFO  | main       | c.b.c.f.client.utils.RequestHandler  - GET http://kubernetes.docker.internal:52608//fapi/v1/exchangeInfo
2024-03-30 00:55:41.737[1711770941737] | INFO  | main       | c.b.c.f.client.utils.RequestHandler  - GET http://kubernetes.docker.internal:52610//fapi/v1/ticker/24hr?symbol=BNBUSDT
2024-03-30 00:55:41.802[1711770941802] | INFO  | main       | c.b.c.f.client.utils.RequestHandler  - GET http://kubernetes.docker.internal:52612//fapi/v1/ticker/24hr
2024-03-30 00:55:41.877[1711770941877] | INFO  | main       | c.b.c.f.client.utils.RequestHandler  - DELETE http://kubernetes.docker.internal:52615//fapi/v1/batchOrders?symbol=BNBUSDT&orderIdList=&timestamp=1711770941876&signature=dbcbb643a10c3099db3252853e66d2a4886aa56b3310881dc2c65c533f7cd6f8
2024-03-30 00:55:41.988[1711770941988] | INFO  | main       | c.b.c.f.client.utils.RequestHandler  - GET http://kubernetes.docker.internal:52617//dapi/v1/allOrders?symbol=bnbusd_perpetual&timestamp=1711770941986&signature=4098f5f63ad63a1eb71ae1cae30ed3b8283d8356cd99bb82cf9eec3f94d83eca
2024-03-30 00:55:42.047[1711770942047] | INFO  | main       | c.b.c.f.client.utils.RequestHandler  - GET http://kubernetes.docker.internal:52620//fapi/v1/time
2024-03-30 00:55:42.092[1711770942092] | INFO  | main       | c.b.c.f.client.utils.RequestHandler  - GET http://kubernetes.docker.internal:52622//dapi/v1/openOrders?symbol=BNBUSDT&timestamp=1711770942092&signature=2ad3df9104b59d1cc5fb1c38a46771c78ba6ec1d33e29655c93a34ddfed890a9
2024-03-30 00:55:42.129[1711770942129] | INFO  | main       | c.b.c.f.client.utils.RequestHandler  - GET http://kubernetes.docker.internal:52624//dapi/v1/openOrders?timestamp=1711770942129&signature=8333c78a19a36f48f112f6d4288109e6ed8c5a790dad8d8c4e5de7fc33616a71
2024-03-30 00:55:42.165[1711770942165] | INFO  | main       | c.b.c.f.client.utils.RequestHandler  - GET http://kubernetes.docker.internal:52626//dapi/v1/leverageBracket?pair=BNBUSD&timestamp=1711770942165&signature=898f0464147d0275b74a9d4db62bbdb251ca871801b6643b3281345b4ca753b1
2024-03-30 00:55:42.197[1711770942197] | INFO  | main       | c.b.c.f.client.utils.RequestHandler  - GET http://kubernetes.docker.internal:52628//dapi/v1/leverageBracket?timestamp=1711770942197&signature=56ecf2edb6c08f9bf5229da2101c18fc3f8bde7caf3a8d49b388dabf733ad348
2024-03-30 00:55:42.235[1711770942235] | INFO  | main       | c.b.c.f.client.utils.RequestHandler  - GET http://kubernetes.docker.internal:52630//fapi/v1/multiAssetsMargin?timestamp=1711770942235&signature=7ae2c02dd4a30060bbde88e1d6e0384329067bb4837fa88749e1ef05144b35f8
2024-03-30 00:55:42.283[1711770942283] | INFO  | main       | c.b.c.f.client.utils.RequestHandler  - GET http://kubernetes.docker.internal:52632//dapi/v1/pmExchangeInfo?timestamp=1711770942282&signature=0936588c359deb2416ae2dae0fc26c1af3394c5200bf1869220125b030ce5324
2024-03-30 00:55:42.357[1711770942357] | INFO  | main       | c.b.c.f.client.utils.RequestHandler  - GET http://kubernetes.docker.internal:52634//dapi/v1/pmExchangeInfo?symbol=BNBUSDT&timestamp=1711770942357&signature=616d0d4b983aa8c69fcab96d756f502885a6e6121bbc01d3e22fd46dbb5b00c2
2024-03-30 00:55:42.409[1711770942409] | INFO  | main       | c.b.c.f.client.utils.RequestHandler  - GET http://kubernetes.docker.internal:52636//dapi/v1/premiumIndex?symbol=BNBUSDT
2024-03-30 00:55:42.442[1711770942442] | INFO  | main       | c.b.c.f.client.utils.RequestHandler  - GET http://kubernetes.docker.internal:52639//dapi/v1/premiumIndex
2024-03-30 00:55:42.475[1711770942475] | INFO  | main       | c.b.c.f.client.utils.RequestHandler  - GET http://kubernetes.docker.internal:52641//fapi/v1/apiTradingStatus?timestamp=1711770942475&signature=a68398390c2d5be691299458acf0927fc1016cbb14e44ef2eb289009327c84d5
2024-03-30 00:55:42.517[1711770942517] | INFO  | main       | c.b.c.f.client.utils.RequestHandler  - GET http://kubernetes.docker.internal:52643//fapi/v1/apiTradingStatus?symbol=BNBUSDT&timestamp=1711770942516&signature=03e7cab7f6ce2686ed5c156b1a6cffab809ba9bcf3d78da169868b7443aa551d
2024-03-30 00:55:42.556[1711770942556] | INFO  | main       | c.b.c.f.client.utils.RequestHandler  - GET http://kubernetes.docker.internal:52645//dapi/v1/exchangeInfo
2024-03-30 00:55:42.615[1711770942615] | INFO  | main       | c.b.c.f.client.utils.RequestHandler  - GET http://kubernetes.docker.internal:52649//fapi/v1/openOrder?symbol=BNBUSDT&orderId=123&timestamp=1711770942614&signature=758433a7b2183ea8c38dd36a93c3ee93531df1752eb429aad81a111f2ca6d6d5
2024-03-30 00:55:42.647[1711770942647] | INFO  | main       | c.b.c.f.client.utils.RequestHandler  - GET http://kubernetes.docker.internal:52651//fapi/v1/openOrder?symbol=BNBUSDT&origClientOrderId=123&timestamp=1711770942647&signature=a7923ae5532d65665a08fe5ce23a9d221f950c723af73c85c92fac3eabd75940
2024-03-30 00:55:42.692[1711770942692] | INFO  | main       | c.b.c.f.client.utils.RequestHandler  - GET http://kubernetes.docker.internal:52656//dapi/v1/order?symbol=BNBUSD_PERP&orderId=123&timestamp=1711770942691&signature=d83d0ccadedb6da0bf781de1dca8b4e8a68b25c3c5654a9cb5ec8d197fe83d5b
2024-03-30 00:55:42.714[1711770942714] | INFO  | main       | c.b.c.f.client.utils.RequestHandler  - GET http://kubernetes.docker.internal:52658//dapi/v1/order?symbol=BNBUSDT&origClientOrderId=123&timestamp=1711770942714&signature=6a71bbfdbbaef27789a8d76bca48198f62a6eb7ec9b294bc0aba8522ea385772
2024-03-30 00:55:42.744[1711770942744] | INFO  | main       | c.b.c.f.client.utils.RequestHandler  - GET http://kubernetes.docker.internal:52660//dapi/v1/ping
2024-03-30 00:55:42.776[1711770942776] | INFO  | main       | c.b.c.f.client.utils.RequestHandler  - GET http://kubernetes.docker.internal:52662//fapi/v1/premiumIndex?symbol=BNBUSDT
2024-03-30 00:55:42.804[1711770942804] | INFO  | main       | c.b.c.f.client.utils.RequestHandler  - GET http://kubernetes.docker.internal:52664//fapi/v1/premiumIndex
2024-03-30 00:55:42.830[1711770942830] | INFO  | main       | c.b.c.f.client.utils.RequestHandler  - POST http://kubernetes.docker.internal:52666//dapi/v1/listenKey
2024-03-30 00:55:42.889[1711770942889] | INFO  | main       | c.b.c.f.client.utils.RequestHandler  - POST http://kubernetes.docker.internal:52669//fapi/v1/countdownCancelAll?symbol=BNBUSDT&countdownTime=10000&timestamp=1711770942888&signature=71c6744dd826a1c97699d7f50b701d94c5f8bde723be82785154964c3b8e8dea
2024-03-30 00:55:42.918[1711770942918] | INFO  | main       | c.b.c.f.client.utils.RequestHandler  - GET http://kubernetes.docker.internal:52671//fapi/v1/ticker/bookTicker?symbol=BNBUSDT
2024-03-30 00:55:42.946[1711770942946] | INFO  | main       | c.b.c.f.client.utils.RequestHandler  - GET http://kubernetes.docker.internal:52673//fapi/v1/ticker/bookTicker
2024-03-30 00:55:42.986[1711770942986] | INFO  | main       | c.b.c.f.client.utils.RequestHandler  - POST http://kubernetes.docker.internal:52676//fapi/v1/positionSide/dual?dualSidePosition=true&timestamp=1711770942986&signature=b426d753291b34fa34caed37568458e698d44ae88c67b77aac0f294181e1ae69
2024-03-30 00:55:43.024[1711770943024] | INFO  | main       | c.b.c.f.client.utils.RequestHandler  - DELETE http://kubernetes.docker.internal:52679//dapi/v1/batchOrders?symbol=BNBUSDT&orderIdList=&timestamp=1711770943023&signature=22f48e294436689ee756ad87d2e828de1689b2f8205761ba78544382afd9fddb
2024-03-30 00:55:43.064[1711770943064] | INFO  | main       | c.b.c.f.client.utils.RequestHandler  - POST http://kubernetes.docker.internal:52682//dapi/v1/order?symbol=BNBUSDT&side=BUY&type=MARKET&quantity=0.01&timestamp=1711770943062&signature=f89e996c3e5f4b1e22b0e67b8f3dd19f0a43eaab89df54e05127569c0fcc3ff6
2024-03-30 00:55:43.091[1711770943091] | INFO  | main       | c.b.c.f.client.utils.RequestHandler  - GET http://kubernetes.docker.internal:52684//futures/data/globalLongShortAccountRatio?pair=BTCUSD&period=5m&limit=1000&startTime=1711770943090&endTime=1711770944090
2024-03-30 00:55:43.134[1711770943134] | INFO  | main       | c.b.c.f.client.utils.RequestHandler  - GET http://kubernetes.docker.internal:52688//futures/data/globalLongShortAccountRatio?pair=BTCUSD&period=5m
2024-03-30 00:55:43.160[1711770943160] | INFO  | main       | c.b.c.f.client.utils.RequestHandler  - GET http://kubernetes.docker.internal:52690//fapi/v1/ticker/price
2024-03-30 00:55:43.186[1711770943186] | INFO  | main       | c.b.c.f.client.utils.RequestHandler  - GET http://kubernetes.docker.internal:52692//fapi/v1/ticker/price?symbol=BNBUSDT
2024-03-30 00:55:43.222[1711770943222] | INFO  | main       | c.b.c.f.client.utils.RequestHandler  - POST http://kubernetes.docker.internal:52695//dapi/v1/countdownCancelAll?symbol=BNBUSDT&countdownTime=10000&timestamp=1711770943222&signature=dd62227775ae11f0a4e281f97c8f012ca3c443e53f569657e6cf331bd5820e6f
2024-03-30 00:55:43.249[1711770943249] | INFO  | main       | c.b.c.f.client.utils.RequestHandler  - GET http://kubernetes.docker.internal:52697//fapi/v1/historicalTrades?symbol=BNBUSDT&limit=1000&fromId=123
2024-03-30 00:55:43.299[1711770943299] | INFO  | main       | c.b.c.f.client.utils.RequestHandler  - GET http://kubernetes.docker.internal:52701//fapi/v1/historicalTrades?symbol=BNBUSDT
2024-03-30 00:55:43.330[1711770943330] | INFO  | main       | c.b.c.f.client.utils.RequestHandler  - GET http://kubernetes.docker.internal:52703//fapi/v1/trades?symbol=BNBUSDT&limit=1000
2024-03-30 00:55:43.366[1711770943366] | INFO  | main       | c.b.c.f.client.utils.RequestHandler  - GET http://kubernetes.docker.internal:52706//fapi/v1/trades?symbol=BNBUSDT
2024-03-30 00:55:43.417[1711770943417] | INFO  | main       | c.b.c.f.client.utils.RequestHandler  - GET http://kubernetes.docker.internal:52710//fapi/v1/order?symbol=BNBUSDT&orderId=123&timestamp=1711770943416&signature=4c8296b973199f9605c9eb9959d808ee5c6566f99b356d2466087b7e31911ce6
2024-03-30 00:55:43.445[1711770943445] | INFO  | main       | c.b.c.f.client.utils.RequestHandler  - GET http://kubernetes.docker.internal:52712//fapi/v1/order?symbol=BNBUSDT&origClientOrderId=123&timestamp=1711770943445&signature=0cea7d57332d2b956a4f395121ed368fd4ef1711f5eb7479be392a78b7fa5052
2024-03-30 00:55:43.479[1711770943479] | INFO  | main       | c.b.c.f.client.utils.RequestHandler  - GET http://kubernetes.docker.internal:52714//fapi/v1/indexInfo?symbol=DEFIUSDT
2024-03-30 00:55:43.506[1711770943506] | INFO  | main       | c.b.c.f.client.utils.RequestHandler  - GET http://kubernetes.docker.internal:52716//fapi/v1/indexInfo
2024-03-30 00:55:43.535[1711770943535] | INFO  | main       | c.b.c.f.client.utils.RequestHandler  - GET http://kubernetes.docker.internal:52718//fapi/v1/pmExchangeInfo?timestamp=1711770943535&signature=40842026d32661c47524440505dc1846948fe08abffba6538c89c673a51eb188
2024-03-30 00:55:43.557[1711770943557] | INFO  | main       | c.b.c.f.client.utils.RequestHandler  - GET http://kubernetes.docker.internal:52720//fapi/v1/pmExchangeInfo?symbol=BNBUSDT&timestamp=1711770943557&signature=8b729343c8f1e846d9f0cb4096b5e4b8ff910697faf626f5e054b8218ae6b090
2024-03-30 00:55:43.584[1711770943584] | INFO  | main       | c.b.c.f.client.utils.RequestHandler  - GET http://kubernetes.docker.internal:52722//futures/data/openInterestHist?symbol=BNBUSDT&period=5m&limit=1000&startTime=1711770943583&endTime=1711770944583
2024-03-30 00:55:43.610[1711770943610] | INFO  | main       | c.b.c.f.client.utils.RequestHandler  - GET http://kubernetes.docker.internal:52724//futures/data/openInterestHist?symbol=BNBUSDT&period=5m
2024-03-30 00:55:43.654[1711770943654] | INFO  | main       | c.b.c.f.client.utils.RequestHandler  - GET http://kubernetes.docker.internal:52728//fapi/v1/positionMargin/history?symbol=BNBUSDT&timestamp=1711770943654&signature=c9477cf215adf54f3a67cddd9dd1af310bcbc8584954ed458fcc72854ef71d64
2024-03-30 00:55:43.703[1711770943703] | INFO  | main       | c.b.c.f.client.utils.RequestHandler  - GET http://kubernetes.docker.internal:52732//fapi/v1/pmAccountInfo?asset=BTC&timestamp=1711770943703&signature=68c48de53a16efc263c0346c5726c16269641dd5db707f46dfb0f1342a2a11b4
2024-03-30 00:55:43.733[1711770943733] | INFO  | main       | c.b.c.f.client.utils.RequestHandler  - GET http://kubernetes.docker.internal:52734//fapi/v1/openOrders?symbol=BNBUSDT&timestamp=1711770943733&signature=d0ecc088af073362609ab22a05f2599f28fc41e32f091974aa2d4c2f8bfc9912
2024-03-30 00:55:43.758[1711770943758] | INFO  | main       | c.b.c.f.client.utils.RequestHandler  - GET http://kubernetes.docker.internal:52736//fapi/v1/openOrders?timestamp=1711770943758&signature=8f3019f9055fe7b65257d317772fd6225b5e5aa8982a0ccd92a234c1672f5426
2024-03-30 00:55:43.780[1711770943780] | INFO  | main       | c.b.c.f.client.utils.RequestHandler  - GET http://kubernetes.docker.internal:52738//dapi/v1/ticker/24hr?pair=bnbusd_perpetual
2024-03-30 00:55:43.805[1711770943805] | INFO  | main       | c.b.c.f.client.utils.RequestHandler  - GET http://kubernetes.docker.internal:52740//dapi/v1/ticker/24hr
2024-03-30 00:55:43.832[1711770943832] | INFO  | main       | c.b.c.f.client.utils.RequestHandler  - PUT http://kubernetes.docker.internal:52742//fapi/v1/listenKey
2024-03-30 00:55:43.895[1711770943895] | INFO  | main       | c.b.c.f.client.utils.RequestHandler  - POST http://kubernetes.docker.internal:52745//fapi/v1/multiAssetsMargin?dualSidePosition=true&timestamp=1711770943895&signature=a0b52e08d90353e16ef23819522d32fef790e735c1b2d5fe6198afb278e194bf
2024-03-30 00:55:43.932[1711770943932] | INFO  | main       | c.b.c.f.client.utils.RequestHandler  - POST http://kubernetes.docker.internal:52748//dapi/v1/positionSide/dual?dualSidePosition=true&timestamp=1711770943932&signature=6ebab49f567778a1b8abda3a87119bd04b7f1c83c5d49e8d44d3ffbf5a9a7452
2024-03-30 00:55:43.977[1711770943977] | INFO  | main       | c.b.c.f.client.utils.RequestHandler  - GET http://kubernetes.docker.internal:52752//dapi/v1/openOrder?symbol=BNBUSDT&orderId=123&timestamp=1711770943977&signature=7ceb7074115d0f6d20dcba8b92adcf78b9d6d078cc0e822515b4631aa8241903
2024-03-30 00:55:44.001[1711770944001] | INFO  | main       | c.b.c.f.client.utils.RequestHandler  - GET http://kubernetes.docker.internal:52754//dapi/v1/openOrder?symbol=BNBUSDT&origClientOrderId=123&timestamp=1711770944001&signature=3681351411d0a18a8ef030d9e4724b841c81031ee8498264db383d0663ebbf8c
2024-03-30 00:55:44.045[1711770944045] | INFO  | main       | c.b.c.f.client.utils.RequestHandler  - GET http://kubernetes.docker.internal:52756//dapi/v1/balance?timestamp=1711770944045&signature=b5a1de3dd881fa6296fad47708f9bd68e3ecb44062c6ba2b13f3e421921b16fd
2024-03-30 00:55:44.071[1711770944071] | INFO  | main       | c.b.c.f.client.utils.RequestHandler  - GET http://kubernetes.docker.internal:52758//fapi/v1/income/asyn/id?downloadId=545923594199212032&timestamp=1711770944071&signature=79c00ec5dea8bfb1ec7e99e8dc0aaeb48d082b660ce91e553491de004092a55a
2024-03-30 00:55:44.115[1711770944115] | INFO  | main       | c.b.c.f.client.utils.RequestHandler  - DELETE http://kubernetes.docker.internal:52762//dapi/v1/allOpenOrders?symbol=BNBUSDT&timestamp=1711770944115&signature=21ef71f3ba38b581627238429dd167455d737c7ef6e0f1cd0b049f0d1523fdea
2024-03-30 00:55:44.156[1711770944156] | INFO  | main       | c.b.c.f.client.utils.RequestHandler  - POST http://kubernetes.docker.internal:52765//dapi/v1/positionMargin?symbol=BNBUSDT&amount=100.0&type=1&timestamp=1711770944156&signature=1d79a8694b510ba2c0b72726c00d3ea97d6fff301c6f29b9d92d4621ab131fdf
2024-03-30 00:55:44.203[1711770944203] | INFO  | main       | c.b.c.f.client.utils.RequestHandler  - GET http://kubernetes.docker.internal:52768//fapi/v1/depth?symbol=BNBUSDT
2024-03-30 00:55:44.228[1711770944228] | INFO  | main       | c.b.c.f.client.utils.RequestHandler  - GET http://kubernetes.docker.internal:52770//fapi/v1/depth?symbol=BNBUSDT&limit=10
2024-03-30 00:55:44.254[1711770944254] | INFO  | main       | c.b.c.f.client.utils.RequestHandler  - GET http://kubernetes.docker.internal:52772//dapi/v1/ticker/bookTicker?symbol=BNBUSDT
2024-03-30 00:55:44.280[1711770944280] | INFO  | main       | c.b.c.f.client.utils.RequestHandler  - GET http://kubernetes.docker.internal:52774//dapi/v1/ticker/bookTicker
2024-03-30 00:55:44.316[1711770944316] | INFO  | main       | c.b.c.f.client.utils.RequestHandler  - GET http://kubernetes.docker.internal:52777//fapi/v1/markPriceKlines?symbol=BNBUSDT&interval=1m&limit=1000&startTime=1711770944315&endTime=1711770945315
2024-03-30 00:55:44.351[1711770944351] | INFO  | main       | c.b.c.f.client.utils.RequestHandler  - GET http://kubernetes.docker.internal:52780//fapi/v1/markPriceKlines?symbol=BNBUSDT&interval=1m
2024-03-30 00:55:44.501[1711770944501] | INFO  | main       | c.b.c.f.client.utils.RequestHandler  - GET http://kubernetes.docker.internal:52792//fapi/v1/klines?symbol=BNBUSDT&interval=1m&limit=1000&startTime=1711770944500&endTime=1711770945500
2024-03-30 00:55:44.528[1711770944528] | INFO  | main       | c.b.c.f.client.utils.RequestHandler  - GET http://kubernetes.docker.internal:52794//fapi/v1/klines?symbol=BNBUSDT&interval=1m
2024-03-30 00:55:44.644[1711770944644] | INFO  | main       | c.b.c.f.client.utils.RequestHandler  - GET http://kubernetes.docker.internal:52796//fapi/v1/openInterest?symbol=BNBUSDT
2024-03-30 00:55:44.682[1711770944682] | INFO  | main       | c.b.c.f.client.utils.RequestHandler  - GET http://kubernetes.docker.internal:52799//dapi/v1/indexPriceKlines?pair=BNBUSDT&interval=1m
2024-03-30 00:55:44.711[1711770944711] | INFO  | main       | c.b.c.f.client.utils.RequestHandler  - GET http://kubernetes.docker.internal:52801//dapi/v1/indexPriceKlines?pair=BNBUSDT&interval=1m&limit=1000&startTime=1711770944710&endTime=1711770945710
2024-03-30 00:55:44.755[1711770944755] | INFO  | main       | c.b.c.f.client.utils.RequestHandler  - GET http://kubernetes.docker.internal:52805//futures/data/openInterestHist?pair=bnbusd_perpetual&period=5m&limit=1000&startTime=1711770944754&endTime=1711770945754
2024-03-30 00:55:44.780[1711770944780] | INFO  | main       | c.b.c.f.client.utils.RequestHandler  - GET http://kubernetes.docker.internal:52807//futures/data/openInterestHist?pair=bnbusd_perpetual&period=5m
2024-03-30 00:55:44.823[1711770944823] | INFO  | main       | c.b.c.f.client.utils.RequestHandler  - POST http://kubernetes.docker.internal:52811//dapi/v1/leverage?symbol=BNBUSDT&leverage=20&timestamp=1711770944823&signature=965f4a702edc14d7a2f17a58bff08c67607f18c9542f642596245c7ae12dcec9
2024-03-30 00:55:44.856[1711770944856] | INFO  | main       | c.b.c.f.client.utils.RequestHandler  - GET http://kubernetes.docker.internal:52814//futures/data/basis?pair=BTCUSD&contractType=PERPETUAL&period=1m
2024-03-30 00:55:44.908[1711770944908] | INFO  | main       | c.b.c.f.client.utils.RequestHandler  - GET http://kubernetes.docker.internal:52819//fapi/v1/commissionRate?symbol=BNBUSDT&timestamp=1711770944908&signature=dfc029ae6fee09e0e679a4bd07929784b5653ab0f24aa5967a162f338862d828
2024-03-30 00:55:44.930[1711770944930] | INFO  | main       | c.b.c.f.client.utils.RequestHandler  - GET http://kubernetes.docker.internal:52821//dapi/v1/openInterest?symbol=BNBUSDT
2024-03-30 00:55:44.970[1711770944970] | INFO  | main       | c.b.c.f.client.utils.RequestHandler  - DELETE http://kubernetes.docker.internal:52824//fapi/v1/order?symbol=BNBUSDT&orderId=&timestamp=1711770944970&signature=4c9980d329f609d9ec5756895161bada980da816961b27e524b850ec8c4de72b
2024-03-30 00:55:45.009[1711770945009] | INFO  | main       | c.b.c.f.client.utils.RequestHandler  - DELETE http://kubernetes.docker.internal:52827//fapi/v1/order?symbol=BNBUSDT&orderId=123&origClientOrderId=456&timestamp=1711770945009&signature=0ecaac5680e3a929a58d5fc7da56ed6b014810c4974651d3b0b189926aec978d
2024-03-30 00:55:45.039[1711770945039] | INFO  | main       | c.b.c.f.client.utils.RequestHandler  - GET http://kubernetes.docker.internal:52829//fapi/v1/fundingRate?symbol=BNBUSDT&limit=1000&startTime=1711770945038&endTime=1711770946038
2024-03-30 00:55:45.067[1711770945067] | INFO  | main       | c.b.c.f.client.utils.RequestHandler  - GET http://kubernetes.docker.internal:52831//fapi/v1/fundingRate
2024-03-30 00:55:45.094[1711770945094] | INFO  | main       | c.b.c.f.c.utils.WebSocketConnection  - [Connection 1] Connecting to dstream.binance.com/ws/btcusdt@indexPrice@1s
2024-03-30 00:55:45.112[1711770945112] | INFO  | main       | c.b.c.f.c.utils.WebSocketConnection  - [Connection 2] Connecting to dstream.binance.com/ws/btcusdt@indexPrice
2024-03-30 00:55:45.113[1711770945113] | INFO  | main       | c.b.c.f.c.utils.WebSocketConnection  - [Connection 3] Connecting to dstream.binance.com/ws/btcusdt@indexPriceKline_1
2024-03-30 00:55:45.114[1711770945114] | INFO  | main       | c.b.c.f.c.utils.WebSocketConnection  - [Connection 4] Connecting to dstream.binance.com/ws/btcusdt@markPriceKline_1
2024-03-30 00:55:45.115[1711770945115] | INFO  | main       | c.b.c.f.c.utils.WebSocketConnection  - [Connection 5] Connecting to dstream.binance.com/ws/btcusdt@markPrice@1s
2024-03-30 00:55:45.117[1711770945117] | INFO  | main       | c.b.c.f.c.utils.WebSocketConnection  - [Connection 6] Connecting to dstream.binance.com/ws/btcusdt@markPrice
2024-03-30 00:55:45.135[1711770945135] | INFO  | main       | c.b.c.f.c.utils.WebSocketConnection  - [Connection 7] Connecting to dstream.binance.com/ws/btcusdt@indexPrice@1s
2024-03-30 00:55:45.137[1711770945137] | INFO  | main       | c.b.c.f.c.utils.WebSocketConnection  - [Connection 8] Connecting to dstream.binance.com/ws/btcusdt@indexPrice
2024-03-30 00:55:45.138[1711770945138] | INFO  | main       | c.b.c.f.c.utils.WebSocketConnection  - [Connection 9] Connecting to dstream.binance.com/ws/btcusdt@indexPriceKline_1
2024-03-30 00:55:45.140[1711770945140] | INFO  | main       | c.b.c.f.c.utils.WebSocketConnection  - [Connection 10] Connecting to dstream.binance.com/ws/btcusdt@markPriceKline_1
2024-03-30 00:55:45.141[1711770945141] | INFO  | main       | c.b.c.f.c.utils.WebSocketConnection  - [Connection 7] Closing connection to dstream.binance.com/ws/btcusdt@indexPrice@1s
2024-03-30 00:55:45.146[1711770945146] | INFO  | main       | c.b.c.f.c.impl.WebsocketClientImpl   - Closing Connection ID 7
2024-03-30 00:55:45.166[1711770945166] | INFO  | main       | c.b.c.f.c.utils.WebSocketConnection  - [Connection 11] Connecting to dstream.binance.com/ws/btcusdt@indexPrice@1s
2024-03-30 00:55:45.167[1711770945167] | INFO  | main       | c.b.c.f.c.utils.WebSocketConnection  - [Connection 12] Connecting to dstream.binance.com/ws/btcusdt@indexPrice
2024-03-30 00:55:45.169[1711770945169] | INFO  | main       | c.b.c.f.c.utils.WebSocketConnection  - [Connection 13] Connecting to dstream.binance.com/ws/btcusdt@indexPriceKline_1
2024-03-30 00:55:45.171[1711770945171] | INFO  | main       | c.b.c.f.c.utils.WebSocketConnection  - [Connection 14] Connecting to dstream.binance.com/ws/btcusdt@markPriceKline_1
2024-03-30 00:55:45.188[1711770945188] | INFO  | main       | c.b.c.f.c.utils.WebSocketConnection  - [Connection 15] Connecting to dstream.binance.com/ws/btcusdt@indexPrice@1s
2024-03-30 00:55:45.190[1711770945190] | INFO  | main       | c.b.c.f.c.utils.WebSocketConnection  - [Connection 16] Connecting to dstream.binance.com/ws/btcusdt@indexPrice
2024-03-30 00:55:45.191[1711770945191] | INFO  | main       | c.b.c.f.c.utils.WebSocketConnection  - [Connection 17] Connecting to dstream.binance.com/ws/btcusdt@indexPriceKline_1
2024-03-30 00:55:45.192[1711770945192] | INFO  | main       | c.b.c.f.c.utils.WebSocketConnection  - [Connection 18] Connecting to dstream.binance.com/ws/btcusdt@markPriceKline_1
2024-03-30 00:55:45.194[1711770945194] | INFO  | main       | c.b.c.f.c.impl.WebsocketClientImpl   - Closing 4 connections(s)
2024-03-30 00:55:45.194[1711770945194] | INFO  | main       | c.b.c.f.c.utils.WebSocketConnection  - [Connection 16] Closing connection to dstream.binance.com/ws/btcusdt@indexPrice
2024-03-30 00:55:45.194[1711770945194] | INFO  | main       | c.b.c.f.c.utils.WebSocketConnection  - [Connection 17] Closing connection to dstream.binance.com/ws/btcusdt@indexPriceKline_1
2024-03-30 00:55:45.194[1711770945194] | INFO  | main       | c.b.c.f.c.utils.WebSocketConnection  - [Connection 18] Closing connection to dstream.binance.com/ws/btcusdt@markPriceKline_1
2024-03-30 00:55:45.194[1711770945194] | INFO  | main       | c.b.c.f.c.utils.WebSocketConnection  - [Connection 15] Closing connection to dstream.binance.com/ws/btcusdt@indexPrice@1s
2024-03-30 00:55:45.195[1711770945195] | INFO  | main       | c.b.c.f.c.impl.WebsocketClientImpl   - All connections are closed!
2024-03-30 00:55:45.214[1711770945214] | INFO  | main       | c.b.c.f.c.utils.WebSocketConnection  - [Connection 19] Connecting to dstream.binance.com/ws/btcusdt@indexPrice@1s
2024-03-30 00:55:45.227[1711770945227] | ERROR | main       | c.b.c.f.c.utils.WebSocketConnection  - [Connection 19] Failure
java.io.InterruptedIOException: executor rejected
	at okhttp3.internal.connection.RealCall$AsyncCall.executeOn(RealCall.kt:501)
	at okhttp3.Dispatcher.promoteAndExecute(Dispatcher.kt:184)
	at okhttp3.Dispatcher.enqueue$okhttp(Dispatcher.kt:125)
	at okhttp3.internal.connection.RealCall.enqueue(RealCall.kt:164)
	at okhttp3.internal.ws.RealWebSocket.connect(RealWebSocket.kt:165)
	at okhttp3.OkHttpClient.newWebSocket(OkHttpClient.kt:281)
	at com.binance.connector.futures.client.utils.WebSocketConnection.connect(WebSocketConnection.java:52)
	at com.binance.connector.futures.client.impl.WebsocketClientImpl.createConnection(WebsocketClientImpl.java:719)
	at com.binance.connector.futures.client.impl.CMWebsocketClientImpl.indexPriceStream(CMWebsocketClientImpl.java:66)
	at com.binance.connector.futures.client.impl.CMWebsocketClientImpl.indexPriceStream(CMWebsocketClientImpl.java:43)
	at unit.TestCMWebsocketClientImpl.indexPriceStream(TestCMWebsocketClientImpl.java:17)
	at unit.TestCMWebsocketClientImpl.<init>(TestCMWebsocketClientImpl.java:59)
	at java.base/jdk.internal.reflect.NativeConstructorAccessorImpl.newInstance0(Native Method)
	at java.base/jdk.internal.reflect.NativeConstructorAccessorImpl.newInstance(NativeConstructorAccessorImpl.java:77)
	at java.base/jdk.internal.reflect.DelegatingConstructorAccessorImpl.newInstance(DelegatingConstructorAccessorImpl.java:45)
	at java.base/java.lang.reflect.Constructor.newInstanceWithCaller(Constructor.java:499)
	at java.base/java.lang.reflect.Constructor.newInstance(Constructor.java:480)
	at org.junit.runners.BlockJUnit4ClassRunner.createTest(BlockJUnit4ClassRunner.java:250)
	at org.junit.runners.BlockJUnit4ClassRunner.createTest(BlockJUnit4ClassRunner.java:260)
	at org.junit.runners.BlockJUnit4ClassRunner$2.runReflectiveCall(BlockJUnit4ClassRunner.java:309)
	at org.junit.internal.runners.model.ReflectiveCallable.run(ReflectiveCallable.java:12)
	at org.junit.runners.BlockJUnit4ClassRunner.methodBlock(BlockJUnit4ClassRunner.java:306)
	at org.junit.runners.BlockJUnit4ClassRunner$1.evaluate(BlockJUnit4ClassRunner.java:100)
	at org.junit.runners.ParentRunner.runLeaf(ParentRunner.java:366)
	at org.junit.runners.BlockJUnit4ClassRunner.runChild(BlockJUnit4ClassRunner.java:103)
	at org.junit.runners.BlockJUnit4ClassRunner.runChild(BlockJUnit4ClassRunner.java:63)
	at org.junit.runners.ParentRunner$4.run(ParentRunner.java:331)
	at org.junit.runners.ParentRunner$1.schedule(ParentRunner.java:79)
	at org.junit.runners.ParentRunner.runChildren(ParentRunner.java:329)
	at org.junit.runners.ParentRunner.access$100(ParentRunner.java:66)
	at org.junit.runners.ParentRunner$2.evaluate(ParentRunner.java:293)
	at org.junit.runners.ParentRunner$3.evaluate(ParentRunner.java:306)
	at org.junit.runners.ParentRunner.run(ParentRunner.java:413)
	at org.junit.runner.JUnitCore.run(JUnitCore.java:137)
	at org.junit.runner.JUnitCore.run(JUnitCore.java:115)
	at org.junit.vintage.engine.execution.RunnerExecutor.execute(RunnerExecutor.java:42)
	at org.junit.vintage.engine.VintageTestEngine.executeAllChildren(VintageTestEngine.java:80)
	at org.junit.vintage.engine.VintageTestEngine.execute(VintageTestEngine.java:72)
	at org.junit.platform.launcher.core.EngineExecutionOrchestrator.execute(EngineExecutionOrchestrator.java:198)
	at org.junit.platform.launcher.core.EngineExecutionOrchestrator.execute(EngineExecutionOrchestrator.java:169)
	at org.junit.platform.launcher.core.EngineExecutionOrchestrator.execute(EngineExecutionOrchestrator.java:93)
	at org.junit.platform.launcher.core.EngineExecutionOrchestrator.lambda$execute$0(EngineExecutionOrchestrator.java:58)
	at org.junit.platform.launcher.core.EngineExecutionOrchestrator.withInterceptedStreams(EngineExecutionOrchestrator.java:141)
	at org.junit.platform.launcher.core.EngineExecutionOrchestrator.execute(EngineExecutionOrchestrator.java:57)
	at org.junit.platform.launcher.core.DefaultLauncher.execute(DefaultLauncher.java:103)
	at org.junit.platform.launcher.core.DefaultLauncher.execute(DefaultLauncher.java:85)
	at org.junit.platform.launcher.core.DelegatingLauncher.execute(DelegatingLauncher.java:47)
	at org.junit.platform.launcher.core.SessionPerRequestLauncher.execute(SessionPerRequestLauncher.java:63)
	at com.intellij.junit5.JUnit5IdeaTestRunner.startRunnerWithArgs(JUnit5IdeaTestRunner.java:57)
	at com.intellij.rt.junit.IdeaTestRunner$Repeater$1.execute(IdeaTestRunner.java:38)
	at com.intellij.rt.execution.junit.TestsRepeater.repeat(TestsRepeater.java:11)
	at com.intellij.rt.junit.IdeaTestRunner$Repeater.startRunnerWithArgs(IdeaTestRunner.java:35)
	at com.intellij.rt.junit.JUnitStarter.prepareStreamsAndStart(JUnitStarter.java:232)
	at com.intellij.rt.junit.JUnitStarter.main(JUnitStarter.java:55)
Caused by: java.util.concurrent.RejectedExecutionException: Task okhttp3.internal.connection.RealCall$AsyncCall@a8424d1 rejected from java.util.concurrent.ThreadPoolExecutor@541c784[Shutting down, pool size = 18, active threads = 18, queued tasks = 0, completed tasks = 0]
	at java.base/java.util.concurrent.ThreadPoolExecutor$AbortPolicy.rejectedExecution(ThreadPoolExecutor.java:2065)
	at java.base/java.util.concurrent.ThreadPoolExecutor.reject(ThreadPoolExecutor.java:833)
	at java.base/java.util.concurrent.ThreadPoolExecutor.execute(ThreadPoolExecutor.java:1365)
	at okhttp3.internal.connection.RealCall$AsyncCall.executeOn(RealCall.kt:498)
	... 53 common frames omitted
2024-03-30 00:55:45.228[1711770945228] | INFO  | main       | c.b.c.f.c.utils.WebSocketConnection  - [Connection 20] Connecting to dstream.binance.com/ws/btcusdt@indexPrice
2024-03-30 00:55:45.229[1711770945229] | ERROR | main       | c.b.c.f.c.utils.WebSocketConnection  - [Connection 20] Failure
java.io.InterruptedIOException: executor rejected
	at okhttp3.internal.connection.RealCall$AsyncCall.executeOn(RealCall.kt:501)
	at okhttp3.Dispatcher.promoteAndExecute(Dispatcher.kt:184)
	at okhttp3.Dispatcher.enqueue$okhttp(Dispatcher.kt:125)
	at okhttp3.internal.connection.RealCall.enqueue(RealCall.kt:164)
	at okhttp3.internal.ws.RealWebSocket.connect(RealWebSocket.kt:165)
	at okhttp3.OkHttpClient.newWebSocket(OkHttpClient.kt:281)
	at com.binance.connector.futures.client.utils.WebSocketConnection.connect(WebSocketConnection.java:52)
	at com.binance.connector.futures.client.impl.WebsocketClientImpl.createConnection(WebsocketClientImpl.java:719)
	at com.binance.connector.futures.client.impl.CMWebsocketClientImpl.indexPriceStream(CMWebsocketClientImpl.java:66)
	at com.binance.connector.futures.client.impl.CMWebsocketClientImpl.indexPriceStream(CMWebsocketClientImpl.java:43)
	at unit.TestCMWebsocketClientImpl.indexPriceStream(TestCMWebsocketClientImpl.java:17)
	at unit.TestCMWebsocketClientImpl.<init>(TestCMWebsocketClientImpl.java:60)
	at java.base/jdk.internal.reflect.NativeConstructorAccessorImpl.newInstance0(Native Method)
	at java.base/jdk.internal.reflect.NativeConstructorAccessorImpl.newInstance(NativeConstructorAccessorImpl.java:77)
	at java.base/jdk.internal.reflect.DelegatingConstructorAccessorImpl.newInstance(DelegatingConstructorAccessorImpl.java:45)
	at java.base/java.lang.reflect.Constructor.newInstanceWithCaller(Constructor.java:499)
	at java.base/java.lang.reflect.Constructor.newInstance(Constructor.java:480)
	at org.junit.runners.BlockJUnit4ClassRunner.createTest(BlockJUnit4ClassRunner.java:250)
	at org.junit.runners.BlockJUnit4ClassRunner.createTest(BlockJUnit4ClassRunner.java:260)
	at org.junit.runners.BlockJUnit4ClassRunner$2.runReflectiveCall(BlockJUnit4ClassRunner.java:309)
	at org.junit.internal.runners.model.ReflectiveCallable.run(ReflectiveCallable.java:12)
	at org.junit.runners.BlockJUnit4ClassRunner.methodBlock(BlockJUnit4ClassRunner.java:306)
	at org.junit.runners.BlockJUnit4ClassRunner$1.evaluate(BlockJUnit4ClassRunner.java:100)
	at org.junit.runners.ParentRunner.runLeaf(ParentRunner.java:366)
	at org.junit.runners.BlockJUnit4ClassRunner.runChild(BlockJUnit4ClassRunner.java:103)
	at org.junit.runners.BlockJUnit4ClassRunner.runChild(BlockJUnit4ClassRunner.java:63)
	at org.junit.runners.ParentRunner$4.run(ParentRunner.java:331)
	at org.junit.runners.ParentRunner$1.schedule(ParentRunner.java:79)
	at org.junit.runners.ParentRunner.runChildren(ParentRunner.java:329)
	at org.junit.runners.ParentRunner.access$100(ParentRunner.java:66)
	at org.junit.runners.ParentRunner$2.evaluate(ParentRunner.java:293)
	at org.junit.runners.ParentRunner$3.evaluate(ParentRunner.java:306)
	at org.junit.runners.ParentRunner.run(ParentRunner.java:413)
	at org.junit.runner.JUnitCore.run(JUnitCore.java:137)
	at org.junit.runner.JUnitCore.run(JUnitCore.java:115)
	at org.junit.vintage.engine.execution.RunnerExecutor.execute(RunnerExecutor.java:42)
	at org.junit.vintage.engine.VintageTestEngine.executeAllChildren(VintageTestEngine.java:80)
	at org.junit.vintage.engine.VintageTestEngine.execute(VintageTestEngine.java:72)
	at org.junit.platform.launcher.core.EngineExecutionOrchestrator.execute(EngineExecutionOrchestrator.java:198)
	at org.junit.platform.launcher.core.EngineExecutionOrchestrator.execute(EngineExecutionOrchestrator.java:169)
	at org.junit.platform.launcher.core.EngineExecutionOrchestrator.execute(EngineExecutionOrchestrator.java:93)
	at org.junit.platform.launcher.core.EngineExecutionOrchestrator.lambda$execute$0(EngineExecutionOrchestrator.java:58)
	at org.junit.platform.launcher.core.EngineExecutionOrchestrator.withInterceptedStreams(EngineExecutionOrchestrator.java:141)
	at org.junit.platform.launcher.core.EngineExecutionOrchestrator.execute(EngineExecutionOrchestrator.java:57)
	at org.junit.platform.launcher.core.DefaultLauncher.execute(DefaultLauncher.java:103)
	at org.junit.platform.launcher.core.DefaultLauncher.execute(DefaultLauncher.java:85)
	at org.junit.platform.launcher.core.DelegatingLauncher.execute(DelegatingLauncher.java:47)
	at org.junit.platform.launcher.core.SessionPerRequestLauncher.execute(SessionPerRequestLauncher.java:63)
	at com.intellij.junit5.JUnit5IdeaTestRunner.startRunnerWithArgs(JUnit5IdeaTestRunner.java:57)
	at com.intellij.rt.junit.IdeaTestRunner$Repeater$1.execute(IdeaTestRunner.java:38)
	at com.intellij.rt.execution.junit.TestsRepeater.repeat(TestsRepeater.java:11)
	at com.intellij.rt.junit.IdeaTestRunner$Repeater.startRunnerWithArgs(IdeaTestRunner.java:35)
	at com.intellij.rt.junit.JUnitStarter.prepareStreamsAndStart(JUnitStarter.java:232)
	at com.intellij.rt.junit.JUnitStarter.main(JUnitStarter.java:55)
Caused by: java.util.concurrent.RejectedExecutionException: Task okhttp3.internal.connection.RealCall$AsyncCall@287581b1 rejected from java.util.concurrent.ThreadPoolExecutor@541c784[Shutting down, pool size = 18, active threads = 18, queued tasks = 0, completed tasks = 0]
	at java.base/java.util.concurrent.ThreadPoolExecutor$AbortPolicy.rejectedExecution(ThreadPoolExecutor.java:2065)
	at java.base/java.util.concurrent.ThreadPoolExecutor.reject(ThreadPoolExecutor.java:833)
	at java.base/java.util.concurrent.ThreadPoolExecutor.execute(ThreadPoolExecutor.java:1365)
	at okhttp3.internal.connection.RealCall$AsyncCall.executeOn(RealCall.kt:498)
	... 53 common frames omitted
2024-03-30 00:55:45.230[1711770945230] | INFO  | main       | c.b.c.f.c.utils.WebSocketConnection  - [Connection 21] Connecting to dstream.binance.com/ws/btcusdt@indexPriceKline_1
2024-03-30 00:55:45.231[1711770945231] | ERROR | main       | c.b.c.f.c.utils.WebSocketConnection  - [Connection 21] Failure
java.io.InterruptedIOException: executor rejected
	at okhttp3.internal.connection.RealCall$AsyncCall.executeOn(RealCall.kt:501)
	at okhttp3.Dispatcher.promoteAndExecute(Dispatcher.kt:184)
	at okhttp3.Dispatcher.enqueue$okhttp(Dispatcher.kt:125)
	at okhttp3.internal.connection.RealCall.enqueue(RealCall.kt:164)
	at okhttp3.internal.ws.RealWebSocket.connect(RealWebSocket.kt:165)
	at okhttp3.OkHttpClient.newWebSocket(OkHttpClient.kt:281)
	at com.binance.connector.futures.client.utils.WebSocketConnection.connect(WebSocketConnection.java:52)
	at com.binance.connector.futures.client.impl.WebsocketClientImpl.createConnection(WebsocketClientImpl.java:719)
	at com.binance.connector.futures.client.impl.CMWebsocketClientImpl.indexKlineCandlestick(CMWebsocketClientImpl.java:138)
	at com.binance.connector.futures.client.impl.CMWebsocketClientImpl.indexKlineCandlestick(CMWebsocketClientImpl.java:121)
	at unit.TestCMWebsocketClientImpl.indexKlineCandlestick(TestCMWebsocketClientImpl.java:37)
	at unit.TestCMWebsocketClientImpl.<init>(TestCMWebsocketClientImpl.java:62)
	at java.base/jdk.internal.reflect.NativeConstructorAccessorImpl.newInstance0(Native Method)
	at java.base/jdk.internal.reflect.NativeConstructorAccessorImpl.newInstance(NativeConstructorAccessorImpl.java:77)
	at java.base/jdk.internal.reflect.DelegatingConstructorAccessorImpl.newInstance(DelegatingConstructorAccessorImpl.java:45)
	at java.base/java.lang.reflect.Constructor.newInstanceWithCaller(Constructor.java:499)
	at java.base/java.lang.reflect.Constructor.newInstance(Constructor.java:480)
	at org.junit.runners.BlockJUnit4ClassRunner.createTest(BlockJUnit4ClassRunner.java:250)
	at org.junit.runners.BlockJUnit4ClassRunner.createTest(BlockJUnit4ClassRunner.java:260)
	at org.junit.runners.BlockJUnit4ClassRunner$2.runReflectiveCall(BlockJUnit4ClassRunner.java:309)
	at org.junit.internal.runners.model.ReflectiveCallable.run(ReflectiveCallable.java:12)
	at org.junit.runners.BlockJUnit4ClassRunner.methodBlock(BlockJUnit4ClassRunner.java:306)
	at org.junit.runners.BlockJUnit4ClassRunner$1.evaluate(BlockJUnit4ClassRunner.java:100)
	at org.junit.runners.ParentRunner.runLeaf(ParentRunner.java:366)
	at org.junit.runners.BlockJUnit4ClassRunner.runChild(BlockJUnit4ClassRunner.java:103)
	at org.junit.runners.BlockJUnit4ClassRunner.runChild(BlockJUnit4ClassRunner.java:63)
	at org.junit.runners.ParentRunner$4.run(ParentRunner.java:331)
	at org.junit.runners.ParentRunner$1.schedule(ParentRunner.java:79)
	at org.junit.runners.ParentRunner.runChildren(ParentRunner.java:329)
	at org.junit.runners.ParentRunner.access$100(ParentRunner.java:66)
	at org.junit.runners.ParentRunner$2.evaluate(ParentRunner.java:293)
	at org.junit.runners.ParentRunner$3.evaluate(ParentRunner.java:306)
	at org.junit.runners.ParentRunner.run(ParentRunner.java:413)
	at org.junit.runner.JUnitCore.run(JUnitCore.java:137)
	at org.junit.runner.JUnitCore.run(JUnitCore.java:115)
	at org.junit.vintage.engine.execution.RunnerExecutor.execute(RunnerExecutor.java:42)
	at org.junit.vintage.engine.VintageTestEngine.executeAllChildren(VintageTestEngine.java:80)
	at org.junit.vintage.engine.VintageTestEngine.execute(VintageTestEngine.java:72)
	at org.junit.platform.launcher.core.EngineExecutionOrchestrator.execute(EngineExecutionOrchestrator.java:198)
	at org.junit.platform.launcher.core.EngineExecutionOrchestrator.execute(EngineExecutionOrchestrator.java:169)
	at org.junit.platform.launcher.core.EngineExecutionOrchestrator.execute(EngineExecutionOrchestrator.java:93)
	at org.junit.platform.launcher.core.EngineExecutionOrchestrator.lambda$execute$0(EngineExecutionOrchestrator.java:58)
	at org.junit.platform.launcher.core.EngineExecutionOrchestrator.withInterceptedStreams(EngineExecutionOrchestrator.java:141)
	at org.junit.platform.launcher.core.EngineExecutionOrchestrator.execute(EngineExecutionOrchestrator.java:57)
	at org.junit.platform.launcher.core.DefaultLauncher.execute(DefaultLauncher.java:103)
	at org.junit.platform.launcher.core.DefaultLauncher.execute(DefaultLauncher.java:85)
	at org.junit.platform.launcher.core.DelegatingLauncher.execute(DelegatingLauncher.java:47)
	at org.junit.platform.launcher.core.SessionPerRequestLauncher.execute(SessionPerRequestLauncher.java:63)
	at com.intellij.junit5.JUnit5IdeaTestRunner.startRunnerWithArgs(JUnit5IdeaTestRunner.java:57)
	at com.intellij.rt.junit.IdeaTestRunner$Repeater$1.execute(IdeaTestRunner.java:38)
	at com.intellij.rt.execution.junit.TestsRepeater.repeat(TestsRepeater.java:11)
	at com.intellij.rt.junit.IdeaTestRunner$Repeater.startRunnerWithArgs(IdeaTestRunner.java:35)
	at com.intellij.rt.junit.JUnitStarter.prepareStreamsAndStart(JUnitStarter.java:232)
	at com.intellij.rt.junit.JUnitStarter.main(JUnitStarter.java:55)
Caused by: java.util.concurrent.RejectedExecutionException: Task okhttp3.internal.connection.RealCall$AsyncCall@ae6a8d5 rejected from java.util.concurrent.ThreadPoolExecutor@541c784[Shutting down, pool size = 18, active threads = 18, queued tasks = 0, completed tasks = 0]
	at java.base/java.util.concurrent.ThreadPoolExecutor$AbortPolicy.rejectedExecution(ThreadPoolExecutor.java:2065)
	at java.base/java.util.concurrent.ThreadPoolExecutor.reject(ThreadPoolExecutor.java:833)
	at java.base/java.util.concurrent.ThreadPoolExecutor.execute(ThreadPoolExecutor.java:1365)
	at okhttp3.internal.connection.RealCall$AsyncCall.executeOn(RealCall.kt:498)
	... 53 common frames omitted
2024-03-30 00:55:45.232[1711770945232] | INFO  | main       | c.b.c.f.c.utils.WebSocketConnection  - [Connection 22] Connecting to dstream.binance.com/ws/btcusdt@markPriceKline_1
2024-03-30 00:55:45.234[1711770945234] | ERROR | main       | c.b.c.f.c.utils.WebSocketConnection  - [Connection 22] Failure
java.io.InterruptedIOException: executor rejected
	at okhttp3.internal.connection.RealCall$AsyncCall.executeOn(RealCall.kt:501)
	at okhttp3.Dispatcher.promoteAndExecute(Dispatcher.kt:184)
	at okhttp3.Dispatcher.enqueue$okhttp(Dispatcher.kt:125)
	at okhttp3.internal.connection.RealCall.enqueue(RealCall.kt:164)
	at okhttp3.internal.ws.RealWebSocket.connect(RealWebSocket.kt:165)
	at okhttp3.OkHttpClient.newWebSocket(OkHttpClient.kt:281)
	at com.binance.connector.futures.client.utils.WebSocketConnection.connect(WebSocketConnection.java:52)
	at com.binance.connector.futures.client.impl.WebsocketClientImpl.createConnection(WebsocketClientImpl.java:719)
	at com.binance.connector.futures.client.impl.CMWebsocketClientImpl.markKlineCandlestick(CMWebsocketClientImpl.java:174)
	at com.binance.connector.futures.client.impl.CMWebsocketClientImpl.markKlineCandlestick(CMWebsocketClientImpl.java:157)
	at unit.TestCMWebsocketClientImpl.markKlineCandlestick(TestCMWebsocketClientImpl.java:42)
	at unit.TestCMWebsocketClientImpl.<init>(TestCMWebsocketClientImpl.java:62)
	at java.base/jdk.internal.reflect.NativeConstructorAccessorImpl.newInstance0(Native Method)
	at java.base/jdk.internal.reflect.NativeConstructorAccessorImpl.newInstance(NativeConstructorAccessorImpl.java:77)
	at java.base/jdk.internal.reflect.DelegatingConstructorAccessorImpl.newInstance(DelegatingConstructorAccessorImpl.java:45)
	at java.base/java.lang.reflect.Constructor.newInstanceWithCaller(Constructor.java:499)
	at java.base/java.lang.reflect.Constructor.newInstance(Constructor.java:480)
	at org.junit.runners.BlockJUnit4ClassRunner.createTest(BlockJUnit4ClassRunner.java:250)
	at org.junit.runners.BlockJUnit4ClassRunner.createTest(BlockJUnit4ClassRunner.java:260)
	at org.junit.runners.BlockJUnit4ClassRunner$2.runReflectiveCall(BlockJUnit4ClassRunner.java:309)
	at org.junit.internal.runners.model.ReflectiveCallable.run(ReflectiveCallable.java:12)
	at org.junit.runners.BlockJUnit4ClassRunner.methodBlock(BlockJUnit4ClassRunner.java:306)
	at org.junit.runners.BlockJUnit4ClassRunner$1.evaluate(BlockJUnit4ClassRunner.java:100)
	at org.junit.runners.ParentRunner.runLeaf(ParentRunner.java:366)
	at org.junit.runners.BlockJUnit4ClassRunner.runChild(BlockJUnit4ClassRunner.java:103)
	at org.junit.runners.BlockJUnit4ClassRunner.runChild(BlockJUnit4ClassRunner.java:63)
	at org.junit.runners.ParentRunner$4.run(ParentRunner.java:331)
	at org.junit.runners.ParentRunner$1.schedule(ParentRunner.java:79)
	at org.junit.runners.ParentRunner.runChildren(ParentRunner.java:329)
	at org.junit.runners.ParentRunner.access$100(ParentRunner.java:66)
	at org.junit.runners.ParentRunner$2.evaluate(ParentRunner.java:293)
	at org.junit.runners.ParentRunner$3.evaluate(ParentRunner.java:306)
	at org.junit.runners.ParentRunner.run(ParentRunner.java:413)
	at org.junit.runner.JUnitCore.run(JUnitCore.java:137)
	at org.junit.runner.JUnitCore.run(JUnitCore.java:115)
	at org.junit.vintage.engine.execution.RunnerExecutor.execute(RunnerExecutor.java:42)
	at org.junit.vintage.engine.VintageTestEngine.executeAllChildren(VintageTestEngine.java:80)
	at org.junit.vintage.engine.VintageTestEngine.execute(VintageTestEngine.java:72)
	at org.junit.platform.launcher.core.EngineExecutionOrchestrator.execute(EngineExecutionOrchestrator.java:198)
	at org.junit.platform.launcher.core.EngineExecutionOrchestrator.execute(EngineExecutionOrchestrator.java:169)
	at org.junit.platform.launcher.core.EngineExecutionOrchestrator.execute(EngineExecutionOrchestrator.java:93)
	at org.junit.platform.launcher.core.EngineExecutionOrchestrator.lambda$execute$0(EngineExecutionOrchestrator.java:58)
	at org.junit.platform.launcher.core.EngineExecutionOrchestrator.withInterceptedStreams(EngineExecutionOrchestrator.java:141)
	at org.junit.platform.launcher.core.EngineExecutionOrchestrator.execute(EngineExecutionOrchestrator.java:57)
	at org.junit.platform.launcher.core.DefaultLauncher.execute(DefaultLauncher.java:103)
	at org.junit.platform.launcher.core.DefaultLauncher.execute(DefaultLauncher.java:85)
	at org.junit.platform.launcher.core.DelegatingLauncher.execute(DelegatingLauncher.java:47)
	at org.junit.platform.launcher.core.SessionPerRequestLauncher.execute(SessionPerRequestLauncher.java:63)
	at com.intellij.junit5.JUnit5IdeaTestRunner.startRunnerWithArgs(JUnit5IdeaTestRunner.java:57)
	at com.intellij.rt.junit.IdeaTestRunner$Repeater$1.execute(IdeaTestRunner.java:38)
	at com.intellij.rt.execution.junit.TestsRepeater.repeat(TestsRepeater.java:11)
	at com.intellij.rt.junit.IdeaTestRunner$Repeater.startRunnerWithArgs(IdeaTestRunner.java:35)
	at com.intellij.rt.junit.JUnitStarter.prepareStreamsAndStart(JUnitStarter.java:232)
	at com.intellij.rt.junit.JUnitStarter.main(JUnitStarter.java:55)
Caused by: java.util.concurrent.RejectedExecutionException: Task okhttp3.internal.connection.RealCall$AsyncCall@2c1931f3 rejected from java.util.concurrent.ThreadPoolExecutor@541c784[Shutting down, pool size = 18, active threads = 18, queued tasks = 0, completed tasks = 0]
	at java.base/java.util.concurrent.ThreadPoolExecutor$AbortPolicy.rejectedExecution(ThreadPoolExecutor.java:2065)
	at java.base/java.util.concurrent.ThreadPoolExecutor.reject(ThreadPoolExecutor.java:833)
	at java.base/java.util.concurrent.ThreadPoolExecutor.execute(ThreadPoolExecutor.java:1365)
	at okhttp3.internal.connection.RealCall$AsyncCall.executeOn(RealCall.kt:498)
	... 53 common frames omitted
2024-03-30 00:55:45.235[1711770945235] | INFO  | main       | c.b.c.f.c.utils.WebSocketConnection  - [Connection 23] Connecting to dstream.binance.com/ws/btcusdt@indexPrice@1s
2024-03-30 00:55:45.237[1711770945237] | ERROR | main       | c.b.c.f.c.utils.WebSocketConnection  - [Connection 23] Failure
java.io.InterruptedIOException: executor rejected
	at okhttp3.internal.connection.RealCall$AsyncCall.executeOn(RealCall.kt:501)
	at okhttp3.Dispatcher.promoteAndExecute(Dispatcher.kt:184)
	at okhttp3.Dispatcher.enqueue$okhttp(Dispatcher.kt:125)
	at okhttp3.internal.connection.RealCall.enqueue(RealCall.kt:164)
	at okhttp3.internal.ws.RealWebSocket.connect(RealWebSocket.kt:165)
	at okhttp3.OkHttpClient.newWebSocket(OkHttpClient.kt:281)
	at com.binance.connector.futures.client.utils.WebSocketConnection.connect(WebSocketConnection.java:52)
	at com.binance.connector.futures.client.impl.WebsocketClientImpl.createConnection(WebsocketClientImpl.java:719)
	at com.binance.connector.futures.client.impl.CMWebsocketClientImpl.indexPriceStream(CMWebsocketClientImpl.java:66)
	at com.binance.connector.futures.client.impl.CMWebsocketClientImpl.indexPriceStream(CMWebsocketClientImpl.java:43)
	at unit.TestCMWebsocketClientImpl.indexPriceStream(TestCMWebsocketClientImpl.java:17)
	at unit.TestCMWebsocketClientImpl.checkIndexPrice(TestCMWebsocketClientImpl.java:73)
	at java.base/jdk.internal.reflect.NativeMethodAccessorImpl.invoke0(Native Method)
	at java.base/jdk.internal.reflect.NativeMethodAccessorImpl.invoke(NativeMethodAccessorImpl.java:77)
	at java.base/jdk.internal.reflect.DelegatingMethodAccessorImpl.invoke(DelegatingMethodAccessorImpl.java:43)
	at java.base/java.lang.reflect.Method.invoke(Method.java:568)
	at org.junit.runners.model.FrameworkMethod$1.runReflectiveCall(FrameworkMethod.java:59)
	at org.junit.internal.runners.model.ReflectiveCallable.run(ReflectiveCallable.java:12)
	at org.junit.runners.model.FrameworkMethod.invokeExplosively(FrameworkMethod.java:56)
	at org.junit.internal.runners.statements.InvokeMethod.evaluate(InvokeMethod.java:17)
	at org.junit.runners.ParentRunner$3.evaluate(ParentRunner.java:306)
	at org.junit.runners.BlockJUnit4ClassRunner$1.evaluate(BlockJUnit4ClassRunner.java:100)
	at org.junit.runners.ParentRunner.runLeaf(ParentRunner.java:366)
	at org.junit.runners.BlockJUnit4ClassRunner.runChild(BlockJUnit4ClassRunner.java:103)
	at org.junit.runners.BlockJUnit4ClassRunner.runChild(BlockJUnit4ClassRunner.java:63)
	at org.junit.runners.ParentRunner$4.run(ParentRunner.java:331)
	at org.junit.runners.ParentRunner$1.schedule(ParentRunner.java:79)
	at org.junit.runners.ParentRunner.runChildren(ParentRunner.java:329)
	at org.junit.runners.ParentRunner.access$100(ParentRunner.java:66)
	at org.junit.runners.ParentRunner$2.evaluate(ParentRunner.java:293)
	at org.junit.runners.ParentRunner$3.evaluate(ParentRunner.java:306)
	at org.junit.runners.ParentRunner.run(ParentRunner.java:413)
	at org.junit.runner.JUnitCore.run(JUnitCore.java:137)
	at org.junit.runner.JUnitCore.run(JUnitCore.java:115)
	at org.junit.vintage.engine.execution.RunnerExecutor.execute(RunnerExecutor.java:42)
	at org.junit.vintage.engine.VintageTestEngine.executeAllChildren(VintageTestEngine.java:80)
	at org.junit.vintage.engine.VintageTestEngine.execute(VintageTestEngine.java:72)
	at org.junit.platform.launcher.core.EngineExecutionOrchestrator.execute(EngineExecutionOrchestrator.java:198)
	at org.junit.platform.launcher.core.EngineExecutionOrchestrator.execute(EngineExecutionOrchestrator.java:169)
	at org.junit.platform.launcher.core.EngineExecutionOrchestrator.execute(EngineExecutionOrchestrator.java:93)
	at org.junit.platform.launcher.core.EngineExecutionOrchestrator.lambda$execute$0(EngineExecutionOrchestrator.java:58)
	at org.junit.platform.launcher.core.EngineExecutionOrchestrator.withInterceptedStreams(EngineExecutionOrchestrator.java:141)
	at org.junit.platform.launcher.core.EngineExecutionOrchestrator.execute(EngineExecutionOrchestrator.java:57)
	at org.junit.platform.launcher.core.DefaultLauncher.execute(DefaultLauncher.java:103)
	at org.junit.platform.launcher.core.DefaultLauncher.execute(DefaultLauncher.java:85)
	at org.junit.platform.launcher.core.DelegatingLauncher.execute(DelegatingLauncher.java:47)
	at org.junit.platform.launcher.core.SessionPerRequestLauncher.execute(SessionPerRequestLauncher.java:63)
	at com.intellij.junit5.JUnit5IdeaTestRunner.startRunnerWithArgs(JUnit5IdeaTestRunner.java:57)
	at com.intellij.rt.junit.IdeaTestRunner$Repeater$1.execute(IdeaTestRunner.java:38)
	at com.intellij.rt.execution.junit.TestsRepeater.repeat(TestsRepeater.java:11)
	at com.intellij.rt.junit.IdeaTestRunner$Repeater.startRunnerWithArgs(IdeaTestRunner.java:35)
	at com.intellij.rt.junit.JUnitStarter.prepareStreamsAndStart(JUnitStarter.java:232)
	at com.intellij.rt.junit.JUnitStarter.main(JUnitStarter.java:55)
Caused by: java.util.concurrent.RejectedExecutionException: Task okhttp3.internal.connection.RealCall$AsyncCall@45d106bb rejected from java.util.concurrent.ThreadPoolExecutor@541c784[Shutting down, pool size = 18, active threads = 18, queued tasks = 0, completed tasks = 0]
	at java.base/java.util.concurrent.ThreadPoolExecutor$AbortPolicy.rejectedExecution(ThreadPoolExecutor.java:2065)
	at java.base/java.util.concurrent.ThreadPoolExecutor.reject(ThreadPoolExecutor.java:833)
	at java.base/java.util.concurrent.ThreadPoolExecutor.execute(ThreadPoolExecutor.java:1365)
	at okhttp3.internal.connection.RealCall$AsyncCall.executeOn(RealCall.kt:498)
	... 52 common frames omitted
2024-03-30 00:55:45.265[1711770945265] | INFO  | main       | c.b.c.f.client.utils.RequestHandler  - GET http://kubernetes.docker.internal:52852//dapi/v1/orderAmendment?orderId=123456&symbol=BNBUSD_PERP&side=BUY&timestamp=1711770945264&signature=00c1670c54b0e52208cdf990068bffbc33d648bd1e80731f6e7607974a3fb4c1
2024-03-30 00:55:45.296[1711770945296] | INFO  | main       | c.b.c.f.client.utils.RequestHandler  - DELETE http://kubernetes.docker.internal:52854//dapi/v1/order?symbol=BNBUSD_PERP&orderId=&timestamp=1711770945296&signature=c3825e7b3c9144154517f531fbf5bd398a14e0f0dd8e1158b6daf8e02d49d4f7
2024-03-30 00:55:45.354[1711770945354] | INFO  | main       | c.b.c.f.client.utils.RequestHandler  - DELETE http://kubernetes.docker.internal:52857//dapi/v1/order?symbol=BNBUSD_PERP&orderId=123&origClientOrderId=456&timestamp=1711770945354&signature=c3cd42d371231625ae750a26b8c384cd31438dd3ba1916245835fafe1f264058
2024-03-30 00:55:45.392[1711770945392] | INFO  | main       | c.b.c.f.client.utils.RequestHandler  - GET http://kubernetes.docker.internal:52859//dapi/v1/positionSide/dual?timestamp=1711770945390&signature=16b6405c5892bb8b5ef34591b135c03b59099ee60f75cace77fd5775848f68f0
2024-03-30 00:55:45.430[1711770945430] | INFO  | main       | c.b.c.f.client.utils.RequestHandler  - POST http://kubernetes.docker.internal:52861//fapi/v1/leverage?symbol=BNBUSDT&leverage=20&timestamp=1711770945429&signature=fddbe6444ca75492c140a6a3ebb207cb09d0833abefef36bac133f579756a081
2024-03-30 00:55:45.492[1711770945492] | INFO  | main       | c.b.c.f.client.utils.RequestHandler  - GET http://kubernetes.docker.internal:52864//fapi/v1/aggTrades?symbol=BNBUSDT&fromId=1000
2024-03-30 00:55:45.537[1711770945537] | INFO  | main       | c.b.c.f.client.utils.RequestHandler  - GET http://kubernetes.docker.internal:52866//fapi/v1/aggTrades?symbol=BNBUSDT&limit=1000
2024-03-30 00:55:45.582[1711770945582] | INFO  | main       | c.b.c.f.client.utils.RequestHandler  - GET http://kubernetes.docker.internal:52868//fapi/v1/aggTrades?symbol=BNBUSDT
2024-03-30 00:55:45.657[1711770945657] | INFO  | main       | c.b.c.f.client.utils.RequestHandler  - GET http://kubernetes.docker.internal:52871//fapi/v1/aggTrades?symbol=BNBUSDT&startTime=1711770945655&endTime=1711770946655
2024-03-30 00:55:45.744[1711770945744] | INFO  | main       | c.b.c.f.client.utils.RequestHandler  - GET http://kubernetes.docker.internal:52873//fapi/v1/leverageBracket?timestamp=1711770945744&signature=fa088ea4819a809a43f02a8dadf3a5e43fc1e3a9598da1023841f616f32b7fff
2024-03-30 00:55:45.778[1711770945778] | INFO  | main       | c.b.c.f.client.utils.RequestHandler  - GET http://kubernetes.docker.internal:52875//fapi/v1/leverageBracket?symbol=BNBUSDT&timestamp=1711770945778&signature=c5187219e00f41b42f2ab32584c79d996b4f9d8c1a4e586a3b655940cac6ace3
2024-03-30 00:55:45.822[1711770945822] | INFO  | main       | c.b.c.f.client.utils.RequestHandler  - GET http://kubernetes.docker.internal:52877//dapi/v1/ticker/price
2024-03-30 00:55:45.875[1711770945875] | INFO  | main       | c.b.c.f.client.utils.RequestHandler  - GET http://kubernetes.docker.internal:52879//dapi/v1/ticker/price?pair=bnbusd_perpetual
2024-03-30 00:55:45.959[1711770945959] | INFO  | main       | c.b.c.f.client.utils.RequestHandler  - GET http://kubernetes.docker.internal:52883//fapi/v1/lvtKlines?symbol=BTCDOWN&interval=1m&limit=1000&startTime=1711770945956&endTime=1711770946956
2024-03-30 00:55:45.997[1711770945997] | INFO  | main       | c.b.c.f.client.utils.RequestHandler  - GET http://kubernetes.docker.internal:52885//fapi/v1/lvtKlines?symbol=BTCDOWN&interval=1m
2024-03-30 00:55:46.236[1711770946236] | INFO  | main       | c.b.c.f.client.utils.RequestHandler  - GET http://kubernetes.docker.internal:52887//fapi/v2/positionRisk?timestamp=1711770946235&signature=e2a64937ec6b911b58f5cc0981e616905028dc5f9c24b7ea2dbda315d5bc365c
2024-03-30 00:55:46.284[1711770946284] | INFO  | main       | c.b.c.f.client.utils.RequestHandler  - GET http://kubernetes.docker.internal:52889//fapi/v2/positionRisk?symbol=BNBUSDT&timestamp=1711770946284&signature=1dea3ca4968ab8cb7cf873d70b692fd2cec45a9212ab16f9f2713dddd80f3b5e
2024-03-30 00:55:46.323[1711770946323] | INFO  | main       | c.b.c.f.client.utils.RequestHandler  - GET http://kubernetes.docker.internal:52891//fapi/v1/continuousKlines?pair=BNBUSDT&contractType=PERPETUAL&interval=1m
2024-03-30 00:55:46.365[1711770946365] | INFO  | main       | c.b.c.f.client.utils.RequestHandler  - GET http://kubernetes.docker.internal:52893//fapi/v1/continuousKlines?pair=BNBUSDT&contractType=PERPETUAL&interval=1m&limit=1000&startTime=1711770946363&endTime=1711770947363
2024-03-30 00:55:46.430[1711770946430] | INFO  | main       | c.b.c.f.client.utils.RequestHandler  - GET http://kubernetes.docker.internal:52897//futures/data/topLongShortAccountRatio?symbol=BNBUSDT&period=5m
2024-03-30 00:55:46.475[1711770946475] | INFO  | main       | c.b.c.f.client.utils.RequestHandler  - GET http://kubernetes.docker.internal:52900//futures/data/topLongShortAccountRatio?symbol=BNBUSDT&period=5m&limit=1000&startTime=1711770946473&endTime=1711770947473
2024-03-30 00:55:46.524[1711770946524] | INFO  | main       | c.b.c.f.client.utils.RequestHandler  - GET http://kubernetes.docker.internal:52903//fapi/v1/userTrades?symbol=BNBUSDT&timestamp=1711770946524&signature=cee706b7aebaa6f02b761e60729e04589c75e6b3f1e4b1dee593bbe78509e0f7
2024-03-30 00:55:46.576[1711770946576] | INFO  | main       | c.b.c.f.client.utils.RequestHandler  - GET http://kubernetes.docker.internal:52907//dapi/v1/depth?symbol=BNBUSDT
2024-03-30 00:55:46.608[1711770946608] | INFO  | main       | c.b.c.f.client.utils.RequestHandler  - GET http://kubernetes.docker.internal:52909//dapi/v1/depth?symbol=BNBUSDT&limit=10
2024-03-30 00:55:46.649[1711770946649] | INFO  | main       | c.b.c.f.client.utils.RequestHandler  - GET http://kubernetes.docker.internal:52911//fapi/v2/balance?timestamp=1711770946648&signature=83c5bddcdb81ced326f366f8ef28de7ad2cb4aab89d2bd14466aaf9c786b76fa
2024-03-30 00:55:46.714[1711770946714] | INFO  | main       | c.b.c.f.client.utils.RequestHandler  - POST http://kubernetes.docker.internal:52914//fapi/v1/positionMargin?symbol=BNBUSDT&amount=100.0&type=1&timestamp=1711770946714&signature=caa743a15fac0fa8cb97cb7296c310f7001e55a466caefd32684b86a688de66d
2024-03-30 00:55:46.774[1711770946774] | INFO  | main       | c.b.c.f.client.utils.RequestHandler  - GET http://kubernetes.docker.internal:52917//dapi/v1/pmAccountInfo?asset=BTC&timestamp=1711770946774&signature=9a3d03a2b1d9506103aa5db297734b2159d458be0332d13600f9198f44c3630f
2024-03-30 00:55:46.841[1711770946841] | INFO  | main       | c.b.c.f.client.utils.RequestHandler  - GET http://kubernetes.docker.internal:52921//futures/data/topLongShortPositionRatio?pair=bnbusd_perpetual&period=5m
2024-03-30 00:55:46.875[1711770946875] | INFO  | main       | c.b.c.f.client.utils.RequestHandler  - GET http://kubernetes.docker.internal:52923//futures/data/topLongShortPositionRatio?pair=bnbusd_perpetual&period=5m&limit=1000&startTime=1711770946874&endTime=1711770947874
2024-03-30 00:55:46.914[1711770946914] | INFO  | main       | c.b.c.f.client.utils.RequestHandler  - GET http://kubernetes.docker.internal:52925//dapi/v1/positionRisk?timestamp=1711770946914&signature=708449f8c1a46df594c102c13d68d61818fa882f95348f5ae483f594791892c1
2024-03-30 00:55:46.955[1711770946955] | INFO  | main       | c.b.c.f.client.utils.RequestHandler  - GET http://kubernetes.docker.internal:52927//dapi/v1/positionRisk?pair=bnbusd_perpetual&timestamp=1711770946954&signature=ab4e48e6fd8b3992932df8685ed87344c09a5d25e84c9286e43985e1179123b7
2024-03-30 00:55:47.011[1711770947011] | INFO  | main       | c.b.c.f.client.utils.RequestHandler  - GET http://kubernetes.docker.internal:52931//futures/data/topLongShortPositionRatio?symbol=BNBUSDT&period=5m
2024-03-30 00:55:47.041[1711770947041] | INFO  | main       | c.b.c.f.client.utils.RequestHandler  - GET http://kubernetes.docker.internal:52933//futures/data/topLongShortPositionRatio?symbol=BNBUSDT&period=5m&limit=1000&startTime=1711770947039&endTime=1711770948039
2024-03-30 00:55:47.075[1711770947075] | INFO  | main       | c.b.c.f.client.utils.RequestHandler  - GET http://kubernetes.docker.internal:52935//fapi/v1/income?symbol=BNBUSDT&timestamp=1711770947075&signature=8f302a39e175732d99005fa7393db8541c4aa740a5e8c2a35ee966dd3c0ed31f
2024-03-30 00:55:47.108[1711770947108] | INFO  | main       | c.b.c.f.client.utils.RequestHandler  - GET http://kubernetes.docker.internal:52937//fapi/v1/income?timestamp=1711770947108&signature=92bd939d0ecf134231a8108a2b97e9a57cd9447860f8c10c5343f7d8baa4e43d
2024-03-30 00:55:47.149[1711770947149] | INFO  | OkHttp https://dstream.binance.com/... | c.b.c.f.c.utils.WebSocketConnection  - [Connection 3] Connected to Server
2024-03-30 00:55:47.149[1711770947149] | INFO  | OkHttp https://dstream.binance.com/... | c.b.c.f.c.utils.WebSocketConnection  - [Connection 7] Connected to Server
2024-03-30 00:55:47.152[1711770947152] | INFO  | OkHttp https://dstream.binance.com/... | c.b.c.f.c.utils.WebSocketConnection  - [Connection 5] Connected to Server
2024-03-30 00:55:47.152[1711770947152] | INFO  | OkHttp https://dstream.binance.com/... | c.b.c.f.c.utils.WebSocketConnection  - [Connection 9] Connected to Server
2024-03-30 00:55:47.153[1711770947153] | INFO  | OkHttp https://dstream.binance.com/... | c.b.c.f.c.utils.WebSocketConnection  - [Connection 16] Connected to Server
2024-03-30 00:55:47.153[1711770947153] | INFO  | OkHttp https://dstream.binance.com/... | c.b.c.f.c.utils.WebSocketConnection  - [Connection 15] Connected to Server
2024-03-30 00:55:47.152[1711770947152] | INFO  | OkHttp https://dstream.binance.com/... | c.b.c.f.c.utils.WebSocketConnection  - [Connection 10] Connected to Server
2024-03-30 00:55:47.153[1711770947153] | INFO  | OkHttp https://dstream.binance.com/... | c.b.c.f.c.utils.WebSocketConnection  - [Connection 4] Connected to Server
2024-03-30 00:55:47.154[1711770947154] | INFO  | OkHttp https://dstream.binance.com/... | c.b.c.f.c.utils.WebSocketConnection  - [Connection 13] Connected to Server
2024-03-30 00:55:47.154[1711770947154] | INFO  | OkHttp https://dstream.binance.com/... | c.b.c.f.c.utils.WebSocketConnection  - [Connection 12] Connected to Server
2024-03-30 00:55:47.153[1711770947153] | INFO  | OkHttp https://dstream.binance.com/... | c.b.c.f.c.utils.WebSocketConnection  - [Connection 6] Connected to Server
2024-03-30 00:55:47.153[1711770947153] | INFO  | OkHttp https://dstream.binance.com/... | c.b.c.f.c.utils.WebSocketConnection  - [Connection 8] Connected to Server
2024-03-30 00:55:47.154[1711770947154] | INFO  | OkHttp https://dstream.binance.com/... | c.b.c.f.c.utils.WebSocketConnection  - [Connection 2] Connected to Server
2024-03-30 00:55:47.154[1711770947154] | INFO  | OkHttp https://dstream.binance.com/... | c.b.c.f.c.utils.WebSocketConnection  - [Connection 14] Connected to Server
2024-03-30 00:55:47.154[1711770947154] | INFO  | OkHttp https://dstream.binance.com/... | c.b.c.f.c.utils.WebSocketConnection  - [Connection 11] Connected to Server
2024-03-30 00:55:47.154[1711770947154] | INFO  | OkHttp https://dstream.binance.com/... | c.b.c.f.c.utils.WebSocketConnection  - [Connection 18] Connected to Server
2024-03-30 00:55:47.154[1711770947154] | INFO  | OkHttp https://dstream.binance.com/... | c.b.c.f.c.utils.WebSocketConnection  - [Connection 1] Connected to Server
2024-03-30 00:55:47.150[1711770947150] | INFO  | OkHttp https://dstream.binance.com/... | c.b.c.f.c.utils.WebSocketConnection  - [Connection 17] Connected to Server
2024-03-30 00:55:47.172[1711770947172] | INFO  | main       | c.b.c.f.client.utils.RequestHandler  - GET http://kubernetes.docker.internal:52939//dapi/v1/trades?symbol=BNBUSDT&limit=1000
2024-03-30 00:55:47.221[1711770947221] | INFO  | main       | c.b.c.f.client.utils.RequestHandler  - GET http://kubernetes.docker.internal:52942//dapi/v1/trades?symbol=BNBUSDT
2024-03-30 00:55:47.262[1711770947262] | INFO  | main       | c.b.c.f.client.utils.RequestHandler  - GET http://kubernetes.docker.internal:52944//dapi/v1/positionMargin/history?symbol=BNBUSDT&timestamp=1711770947262&signature=8915b838ecfac0af032af62dd9a5c6c582d922a2044609f26eb02eca8e53c1a3
2024-03-30 00:55:47.304[1711770947304] | INFO  | main       | c.b.c.f.client.utils.RequestHandler  - GET http://kubernetes.docker.internal:52947//fapi/v1/indexPriceKlines?pair=BNBUSDT&interval=1m
2024-03-30 00:55:47.352[1711770947352] | INFO  | main       | c.b.c.f.client.utils.RequestHandler  - GET http://kubernetes.docker.internal:52949//fapi/v1/indexPriceKlines?pair=BNBUSDT&interval=1m&limit=1000&startTime=1711770947349&endTime=1711770948349
2024-03-30 00:55:47.425[1711770947425] | INFO  | main       | c.b.c.f.client.utils.RequestHandler  - GET http://kubernetes.docker.internal:52953//dapi/v1/fundingRate?symbol=BNBUSDT&limit=1000&startTime=1711770947424&endTime=1711770948424
2024-03-30 00:55:47.472[1711770947472] | INFO  | main       | c.b.c.f.client.utils.RequestHandler  - GET http://kubernetes.docker.internal:52955//dapi/v1/fundingRate
2024-03-30 00:55:47.513[1711770947513] | INFO  | main       | c.b.c.f.client.utils.RequestHandler  - GET http://kubernetes.docker.internal:52957//fapi/v1/positionSide/dual?timestamp=1711770947513&signature=8ff243aaac639ea3fa64e501ebd2fd642c605ecf1e7b48cdf64bad2cfa4de610
2024-03-30 00:55:47.544[1711770947544] | INFO  | main       | c.b.c.f.client.utils.RequestHandler  - GET http://kubernetes.docker.internal:52959//fapi/v1/ping
2024-03-30 00:55:47.582[1711770947582] | INFO  | main       | c.b.c.f.client.utils.RequestHandler  - GET http://kubernetes.docker.internal:52961//dapi/v1/aggTrades?symbol=BNBUSDT&fromId=1000
2024-03-30 00:55:47.621[1711770947621] | INFO  | main       | c.b.c.f.client.utils.RequestHandler  - GET http://kubernetes.docker.internal:52963//dapi/v1/aggTrades?symbol=BNBUSDT&limit=1000
2024-03-30 00:55:47.661[1711770947661] | INFO  | main       | c.b.c.f.client.utils.RequestHandler  - GET http://kubernetes.docker.internal:52965//dapi/v1/aggTrades?symbol=BNBUSDT
2024-03-30 00:55:47.697[1711770947697] | INFO  | main       | c.b.c.f.client.utils.RequestHandler  - GET http://kubernetes.docker.internal:52968//dapi/v1/aggTrades?symbol=BNBUSDT&startTime=1711770947696&endTime=1711770948696
2024-03-30 00:55:47.735[1711770947735] | INFO  | main       | c.b.c.f.client.utils.RequestHandler  - GET http://kubernetes.docker.internal:52971//dapi/v1/markPriceKlines?symbol=bnbusd_perpetual&interval=1m&limit=1000&startTime=1711770947734&endTime=1711770948734
2024-03-30 00:55:47.764[1711770947764] | INFO  | main       | c.b.c.f.client.utils.RequestHandler  - GET http://kubernetes.docker.internal:52974//dapi/v1/markPriceKlines?symbol=bnbusd_perpetual&interval=1m
2024-03-30 00:55:47.789[1711770947789] | INFO  | main       | c.b.c.f.client.utils.RequestHandler  - GET http://kubernetes.docker.internal:52976//dapi/v1/continuousKlines?pair=BNBUSDT&contractType=PERPETUAL&interval=1m
2024-03-30 00:55:47.814[1711770947814] | INFO  | main       | c.b.c.f.client.utils.RequestHandler  - GET http://kubernetes.docker.internal:52978//dapi/v1/continuousKlines?pair=BNBUSDT&contractType=PERPETUAL&interval=1m&limit=1000&startTime=1711770947814&endTime=1711770948814
2024-03-30 00:55:47.862[1711770947862] | INFO  | main       | c.b.c.f.client.utils.RequestHandler  - GET http://kubernetes.docker.internal:52982//dapi/v1/userTrades?symbol=bnbusd_perpetual&timestamp=1711770947862&signature=be916bea1e91c2db7b0cf6f9777c273c7d60624c6b20ca3594c30af9eb5be4b7
2024-03-30 00:55:47.902[1711770947902] | INFO  | main       | c.b.c.f.client.utils.RequestHandler  - GET http://kubernetes.docker.internal:52985//fapi/v1/income/asyn?startTime=1711770947900&endTime=1711770948900&timestamp=1711770947902&signature=fa749c43ba455a666da323994762f00b88b5477f6db44fa8558bcf058e6e6790
2024-03-30 00:55:47.934[1711770947934] | INFO  | main       | c.b.c.f.client.utils.RequestHandler  - GET http://kubernetes.docker.internal:52987//fapi/v1/income/asyn?timestamp=1711770947933&signature=d7bf5cb79b849eb2362efc20bb517c560f6efc082bbd840ebbcb82323c6dce41
2024-03-30 00:55:47.968[1711770947968] | INFO  | main       | c.b.c.f.client.utils.RequestHandler  - GET http://kubernetes.docker.internal:52989//fapi/v1/assetIndex?symbol=ADAUSD
2024-03-30 00:55:47.998[1711770947998] | INFO  | main       | c.b.c.f.client.utils.RequestHandler  - GET http://kubernetes.docker.internal:52991//fapi/v1/assetIndex
2024-03-30 00:55:48.039[1711770948039] | INFO  | main       | c.b.c.f.client.utils.RequestHandler  - DELETE http://kubernetes.docker.internal:52993//dapi/v1/listenKey
2024-03-30 00:55:48.083[1711770948083] | INFO  | main       | c.b.c.f.client.utils.RequestHandler  - GET http://kubernetes.docker.internal:52995//fapi/v1/allOrders?symbol=BNBUSDT&timestamp=1711770948083&signature=582ae7155036ce533acb388552a786668f14373cbda393812be2c1e61773d1d5
2024-03-30 00:55:48.137[1711770948137] | INFO  | main       | c.b.c.f.client.utils.RequestHandler  - GET http://kubernetes.docker.internal:52998//fapi/v2/account?timestamp=1711770948136&signature=02fc00f5da349777d455798828c79c6e1e71599e51f129f4a5d984a7d4a65f4e
2024-03-30 00:55:48.190[1711770948190] | INFO  | main       | c.b.c.f.client.utils.RequestHandler  - POST http://kubernetes.docker.internal:53001//fapi/v1/order?symbol=BNBUSDT&side=BUY&type=MARKET&quantity=0.01&timestamp=1711770948189&signature=806036cccb95883688cc09c7b1a2b635e62333461c7ffdb436f897bbd265fd77
2024-03-30 00:55:48.227[1711770948227] | INFO  | main       | c.b.c.f.client.utils.RequestHandler  - POST http://kubernetes.docker.internal:53003//fapi/v1/listenKey
2024-03-30 00:55:48.264[1711770948264] | INFO  | main       | c.b.c.f.client.utils.RequestHandler  - GET http://kubernetes.docker.internal:53005//dapi/v1/adlQuantile?timestamp=1711770948264&signature=709b541af091d2821bac09922dda9223aea772cfcfae31d87c5e2fe880fdc4e9
2024-03-30 00:55:48.298[1711770948298] | INFO  | main       | c.b.c.f.client.utils.RequestHandler  - GET http://kubernetes.docker.internal:53007//dapi/v1/adlQuantile?symbol=BNBUSDT&timestamp=1711770948297&signature=482b5645f2238bf0c0c2144873c6301136f0429fac696fcbf27a4c446f34c3eb
2024-03-30 00:55:48.333[1711770948333] | INFO  | main       | c.b.c.f.client.utils.RequestHandler  - PUT http://kubernetes.docker.internal:53009//dapi/v1/listenKey
2024-03-30 00:55:48.380[1711770948380] | INFO  | main       | c.b.c.f.client.utils.RequestHandler  - DELETE http://kubernetes.docker.internal:53012//fapi/v1/allOpenOrders?symbol=BNBUSDT&timestamp=1711770948380&signature=fa2824d3144d2e1163d8bd4423d68e6bce366521ec324ea0d1f4b102a4e81288
2024-03-30 00:55:48.445[1711770948445] | INFO  | main       | c.b.c.f.client.utils.RequestHandler  - GET http://kubernetes.docker.internal:53016//futures/data/topLongShortAccountRatio?pair=btcusd_perpetual&period=5m
2024-03-30 00:55:48.478[1711770948478] | INFO  | main       | c.b.c.f.client.utils.RequestHandler  - GET http://kubernetes.docker.internal:53018//futures/data/topLongShortAccountRatio?pair=btcusd_perpetual&period=5m&limit=1000&startTime=1711770948476&endTime=1711770949476
2024-03-30 00:55:48.511[1711770948511] | INFO  | main       | c.b.c.f.client.utils.RequestHandler  - GET http://kubernetes.docker.internal:53020//fapi/v1/adlQuantile?timestamp=1711770948511&signature=ef02946f8db7570a91a44110956ebe88b9d9fea8b23508b0c735057c86b552fb
2024-03-30 00:55:48.545[1711770948545] | INFO  | main       | c.b.c.f.client.utils.RequestHandler  - GET http://kubernetes.docker.internal:53022//fapi/v1/adlQuantile?symbol=BNBUSDT&timestamp=1711770948545&signature=1e71b833be936107582a9332c0807bd20ec8ddec8e6b22ba1d15ffbfab8e54f2
2024-03-30 00:55:48.580[1711770948580] | INFO  | main       | c.b.c.f.client.utils.RequestHandler  - GET http://kubernetes.docker.internal:53024//fapi/v1/forceOrders?symbol=BNBUSDT&timestamp=1711770948580&signature=07dd40d8e847748e9d53a8c711483a6e89576d96b983690c5286ef7d31e349e1
2024-03-30 00:55:48.622[1711770948622] | INFO  | main       | c.b.c.f.client.utils.RequestHandler  - GET http://kubernetes.docker.internal:53026//fapi/v1/forceOrders?timestamp=1711770948622&signature=418f4289fbfaa46d6ddf3c1b2239fcef69570e67db61106f58de0226911c7209
2024-03-30 00:55:48.660[1711770948660] | INFO  | main       | c.b.c.f.client.utils.RequestHandler  - GET http://kubernetes.docker.internal:53028//futures/data/globalLongShortAccountRatio?symbol=BNBUSDT&period=5m&limit=1000&startTime=1711770948659&endTime=1711770949659
2024-03-30 00:55:48.714[1711770948714] | INFO  | main       | c.b.c.f.client.utils.RequestHandler  - GET http://kubernetes.docker.internal:53032//futures/data/globalLongShortAccountRatio?symbol=BNBUSDT&period=5m
2024-03-30 00:55:48.746[1711770948746] | INFO  | main       | c.b.c.f.client.utils.RequestHandler  - PUT http://kubernetes.docker.internal:53034//dapi/v1/order?orderId=123456&symbol=BNBUSD_PERP&side=BUY&timestamp=1711770948746&signature=35e4d4e50c69f97a99cbc0b5d57a95f2df510da74228d2046fff1d6531a4dca0
2024-03-30 00:55:48.792[1711770948792] | INFO  | main       | c.b.c.f.client.utils.RequestHandler  - GET http://kubernetes.docker.internal:53037//dapi/v1/leverageBracket?timestamp=1711770948792&signature=f02dce457af869c1d1bef769932492bdc4fd7b0862e5ac7206dc0f830a81e351
2024-03-30 00:55:48.829[1711770948829] | INFO  | main       | c.b.c.f.client.utils.RequestHandler  - GET http://kubernetes.docker.internal:53039//dapi/v1/leverageBracket?symbol=BNBUSDT&timestamp=1711770948829&signature=e62adff459adffef0e3bff8bb34967ebf9c6ab3348fda595f08f81715fd23247
2024-03-30 00:55:48.861[1711770948861] | INFO  | main       | c.b.c.f.client.utils.RequestHandler  - GET http://kubernetes.docker.internal:53041//futures/data/takerlongshortRatio?symbol=BNBUSDT&period=5m&limit=1000&startTime=1711770948860&endTime=1711770949860
2024-03-30 00:55:48.926[1711770948926] | INFO  | main       | c.b.c.f.client.utils.RequestHandler  - GET http://kubernetes.docker.internal:53045//futures/data/takerlongshortRatio?symbol=BNBUSDT&period=5m
2024-03-30 00:55:48.970[1711770948970] | INFO  | main       | c.b.c.f.client.utils.RequestHandler  - POST http://kubernetes.docker.internal:53048//fapi/v1/marginType?symbol=BNBUSDT&marginType=CROSSED&timestamp=1711770948970&signature=966ede85b04ac89b2f0413b930751b8738c253c90140ff86631703da522fafc7
2024-03-30 00:55:49.015[1711770949015] | INFO  | main       | c.b.c.f.client.utils.RequestHandler  - GET http://kubernetes.docker.internal:53052//dapi/v1/klines?symbol=BNBUSDT&interval=1m&limit=1000&startTime=1711770949014&endTime=1711770950014
2024-03-30 00:55:49.041[1711770949041] | INFO  | main       | c.b.c.f.client.utils.RequestHandler  - GET http://kubernetes.docker.internal:53054//dapi/v1/klines?symbol=BNBUSDT&interval=1m
2024-03-30 00:55:49.071[1711770949071] | INFO  | main       | c.b.c.f.client.utils.RequestHandler  - GET http://kubernetes.docker.internal:53057//dapi/v1/commissionRate?symbol=BNBUSDT&timestamp=1711770949071&signature=3fadc93e72f068c86cc56332c5b7a689e3c747e24e93c840deb844b8b976e1b6
2024-03-30 00:55:49.099[1711770949099] | INFO  | main       | c.b.c.f.client.utils.RequestHandler  - GET http://kubernetes.docker.internal:53059//fapi/v1/leverageBracket?symbol=BNBUSDT&timestamp=1711770949099&signature=3888030fc15e7e11901591589ccb5f44fc8329b1d7e51b751b5ace9c1ba703a2
2024-03-30 00:55:49.129[1711770949129] | INFO  | main       | c.b.c.f.client.utils.RequestHandler  - GET http://kubernetes.docker.internal:53061//fapi/v1/leverageBracket?timestamp=1711770949128&signature=462eb0f7b40107d12048e35e6532ffe33a0ca0de15f03acebc4bb85777bcbe50
2024-03-30 00:55:49.155[1711770949155] | INFO  | main       | c.b.c.f.client.utils.RequestHandler  - GET http://kubernetes.docker.internal:53063//dapi/v2/leverageBracket?timestamp=1711770949155&signature=121497de86a5c0844d0f329f1aa54d6d73a60854234cde228b0ba4117921c144
2024-03-30 00:55:49.183[1711770949183] | INFO  | main       | c.b.c.f.client.utils.RequestHandler  - GET http://kubernetes.docker.internal:53065//dapi/v2/leverageBracket?symbol=BNBUSD_PERP&timestamp=1711770949183&signature=e2530b8984c2fadf5771dbdbe7e1e0d99d910b7958e235ef2bf613e58554fc4d
2024-03-30 00:55:49.212[1711770949212] | INFO  | main       | c.b.c.f.client.utils.RequestHandler  - GET http://kubernetes.docker.internal:53067//dapi/v1/forceOrders?symbol=BNBUSDT&timestamp=1711770949212&signature=c13c6d51164ab2bef90e946cbda1c251c0a7965c2a737a105f4f4272e15a8d34
2024-03-30 00:55:49.245[1711770949245] | INFO  | main       | c.b.c.f.client.utils.RequestHandler  - GET http://kubernetes.docker.internal:53069//dapi/v1/forceOrders?timestamp=1711770949245&signature=92b24e514b3ff80c3323c8eb7fbfdd7c23e144bb02bec9a0cf11ba5749940042
2024-03-30 00:55:49.276[1711770949276] | INFO  | main       | c.b.c.f.client.utils.RequestHandler  - GET http://kubernetes.docker.internal:53071//dapi/v1/time
2024-03-30 00:55:49.310[1711770949310] | INFO  | main       | c.b.c.f.client.utils.RequestHandler  - DELETE http://kubernetes.docker.internal:53074//fapi/v1/listenKey
2024-03-30 00:55:49.334[1711770949334] | INFO  | main       | c.b.c.f.client.utils.RequestHandler  - GET http://kubernetes.docker.internal:53076//dapi/v1/account?timestamp=1711770949334&signature=d528c6a42b93091517b04b25f4b41aedb1c0b81200eab289f97b07813a5625ac
